0 info it worked if it ends with ok
1 verbose cli [ '/usr/local/bin/node',
1 verbose cli   '/Users/jestersimpps/.npm-global/bin/npm',
1 verbose cli   'start' ]
2 info using npm@3.8.0
3 info using node@v5.7.1
4 verbose run-script [ 'prestart', 'start', 'poststart' ]
5 info lifecycle kunstmaan-bitcoin-transact@0.0.1~prestart: kunstmaan-bitcoin-transact@0.0.1
6 silly lifecycle kunstmaan-bitcoin-transact@0.0.1~prestart: no script for prestart, continuing
7 info lifecycle kunstmaan-bitcoin-transact@0.0.1~start: kunstmaan-bitcoin-transact@0.0.1
8 verbose lifecycle kunstmaan-bitcoin-transact@0.0.1~start: unsafe-perm in lifecycle true
9 verbose lifecycle kunstmaan-bitcoin-transact@0.0.1~start: PATH: /Users/jestersimpps/.npm-global/lib/node_modules/npm/bin/node-gyp-bin:/Users/jestersimpps/Sites/public repos/transact/node_modules/.bin:/usr/local/bin:/Users/jestersimpps/.npm-global/lib/node_modules/npm/bin/node-gyp-bin:/Users/jestersimpps/Sites/public repos/transact/node_modules/.bin:/usr/local/bin:/Users/jestersimpps/.npm-global/bin:/usr/local/mongodb/bin:/usr/local/git/bin:/usr/local/openssl/bin:/usr/local/autoconf/bin:/usr/local/bin:/usr/bin:/bin:/usr/sbin:/sbin/bin:/usr/local/mongodb/bin:/usr/local/git/bin:/usr/local/openssl/bin:/usr/local/autoconf/bin:/usr/local/bin:/usr/bin:/bin:/usr/sbin:/sbin:/Users/jestersimpps/android-sdk/android-sdk-macosx/tools:/Users/jestersimpps/android-sdk/android-sdk-macosx/platform-tools:/Users/jestersimpps/ant/apache-ant-1.9.6/bin
10 verbose lifecycle kunstmaan-bitcoin-transact@0.0.1~start: CWD: /Users/jestersimpps/Sites/public repos/transact
11 silly lifecycle kunstmaan-bitcoin-transact@0.0.1~start: Args: [ '-c', 'node index' ]
12 silly lifecycle kunstmaan-bitcoin-transact@0.0.1~start: Returned: code: 1  signal: null
13 info lifecycle kunstmaan-bitcoin-transact@0.0.1~start: Failed to exec start script
14 verbose stack Error: kunstmaan-bitcoin-transact@0.0.1 start: `node index`
14 verbose stack Exit status 1
14 verbose stack     at EventEmitter.<anonymous> (/Users/jestersimpps/.npm-global/lib/node_modules/npm/lib/utils/lifecycle.js:239:16)
14 verbose stack     at emitTwo (events.js:100:13)
14 verbose stack     at EventEmitter.emit (events.js:185:7)
14 verbose stack     at ChildProcess.<anonymous> (/Users/jestersimpps/.npm-global/lib/node_modules/npm/lib/utils/spawn.js:24:14)
14 verbose stack     at emitTwo (events.js:100:13)
14 verbose stack     at ChildProcess.emit (events.js:185:7)
14 verbose stack     at maybeClose (internal/child_process.js:827:16)
14 verbose stack     at Process.ChildProcess._handle.onexit (internal/child_process.js:211:5)
15 verbose pkgid kunstmaan-bitcoin-transact@0.0.1
16 verbose cwd /Users/jestersimpps/Sites/public repos/transact
17 error Darwin 15.4.0
18 error argv "/usr/local/bin/node" "/Users/jestersimpps/.npm-global/bin/npm" "start"
19 error node v5.7.1
20 error npm  v3.8.0
21 error code ELIFECYCLE
22 error kunstmaan-bitcoin-transact@0.0.1 start: `node index`
22 error Exit status 1
23 error Failed at the kunstmaan-bitcoin-transact@0.0.1 start script 'node index'.
23 error Make sure you have the latest version of node.js and npm installed.
23 error If you do, this is most likely a problem with the kunstmaan-bitcoin-transact package,
23 error not with npm itself.
23 error Tell the author that this fails on your system:
23 error     node index
23 error You can get information on how to open an issue for this project with:
23 error     npm bugs kunstmaan-bitcoin-transact
23 error Or if that isn't available, you can get their info via:
23 error     npm owner ls kunstmaan-bitcoin-transact
23 error There is likely additional logging output above.
24 verbose exit [ 1, true ]
